#
# There is insufficient memory for the Java Runtime Environment to continue.
# Native memory allocation (malloc) failed to allocate 645536 bytes for Chunk::new
# Possible reasons:
#   The system is out of physical RAM or swap space
#   The process is running with CompressedOops enabled, and the Java Heap may be blocking the growth of the native heap
# Possible solutions:
#   Reduce memory load on the system
#   Increase physical memory or swap space
#   Check if swap backing store is full
#   Decrease Java heap size (-Xmx/-Xms)
#   Decrease number of Java threads
#   Decrease Java thread stack sizes (-Xss)
#   Set larger code cache with -XX:ReservedCodeCacheSize=
#   JVM is running with Unscaled Compressed Oops mode in which the Java heap is
#     placed in the first 4GB address space. The Java Heap base address is the
#     maximum limit for the native heap growth. Please use -XX:HeapBaseMinAddress
#     to set the Java Heap base and to place the Java Heap above 4GB virtual address.
# This output file may be truncated or incomplete.
#
#  Out of Memory Error (allocation.cpp:389), pid=10596, tid=0x000000000000111c
#
# JRE version: Java(TM) SE Runtime Environment (8.0_261-b12) (build 1.8.0_261-b12)
# Java VM: Java HotSpot(TM) 64-Bit Server VM (25.261-b12 mixed mode windows-amd64 compressed oops)
# Failed to write core dump. Minidumps are not enabled by default on client versions of Windows
#

---------------  T H R E A D  ---------------

Current thread (0x000002453f1a0800):  JavaThread "C2 CompilerThread1" daemon [_thread_in_native, id=4380, stack(0x000000bf7d500000,0x000000bf7d600000)]

Stack: [0x000000bf7d500000,0x000000bf7d600000]
Native frames: (J=compiled Java code, j=interpreted, Vv=VM code, C=native code)
V  [jvm.dll+0x33e5f9]
V  [jvm.dll+0x2850e2]
V  [jvm.dll+0x285d8d]
V  [jvm.dll+0x27c895]
V  [jvm.dll+0xe4d6c]
V  [jvm.dll+0xe556c]
V  [jvm.dll+0x461812]
V  [jvm.dll+0x49cc3d]
V  [jvm.dll+0x4518c1]
V  [jvm.dll+0x44eb84]
V  [jvm.dll+0x439bc7]
V  [jvm.dll+0xbbbcb]
V  [jvm.dll+0xba22b]
V  [jvm.dll+0x24d962]
V  [jvm.dll+0x2a1cfc]
C  [ucrtbase.dll+0x21542]
C  [KERNEL32.DLL+0x16fd4]
C  [ntdll.dll+0x4cec1]


Current CompileTask:
C2:   4133 1438   !   4       java.net.URL::<init> (543 bytes)


---------------  P R O C E S S  ---------------

Java Threads: ( => current thread )
  0x0000024540132000 JavaThread "restartedMain" [_thread_in_native, id=9120, stack(0x000000bf7da00000,0x000000bf7db00000)]
  0x0000024540703800 JavaThread "Thread-0" [_thread_blocked, id=10712, stack(0x000000bf7d900000,0x000000bf7da00000)]
  0x000002453f229800 JavaThread "Service Thread" daemon [_thread_blocked, id=504, stack(0x000000bf7d700000,0x000000bf7d800000)]
  0x000002453f1a6000 JavaThread "C1 CompilerThread2" daemon [_thread_in_native, id=2220, stack(0x000000bf7d600000,0x000000bf7d700000)]
=>0x000002453f1a0800 JavaThread "C2 CompilerThread1" daemon [_thread_in_native, id=4380, stack(0x000000bf7d500000,0x000000bf7d600000)]
  0x000002453f19b800 JavaThread "C2 CompilerThread0" daemon [_thread_in_native, id=6880, stack(0x000000bf7d400000,0x000000bf7d500000)]
  0x000002453f19a800 JavaThread "Attach Listener" daemon [_thread_blocked, id=10048, stack(0x000000bf7d300000,0x000000bf7d400000)]
  0x000002453f199800 JavaThread "Signal Dispatcher" daemon [_thread_blocked, id=3612, stack(0x000000bf7d200000,0x000000bf7d300000)]
  0x000002453f173800 JavaThread "Finalizer" daemon [_thread_blocked, id=10076, stack(0x000000bf7d100000,0x000000bf7d200000)]
  0x000002453f16a000 JavaThread "Reference Handler" daemon [_thread_blocked, id=9148, stack(0x000000bf7d000000,0x000000bf7d100000)]
  0x000002452af61800 JavaThread "main" [_thread_blocked, id=10376, stack(0x000000bf7ca00000,0x000000bf7cb00000)]

Other Threads:
  0x000002453f142800 VMThread [stack: 0x000000bf7cf00000,0x000000bf7d000000] [id=6952]
  0x000002453f203000 WatcherThread [stack: 0x000000bf7d800000,0x000000bf7d900000] [id=9528]

VM state:not at safepoint (normal execution)

VM Mutex/Monitor currently owned by a thread: None

OutOfMemory and StackOverflow Exception counts:
OutOfMemoryError java_heap_errors=1

heap address: 0x00000000c1800000, size: 1000 MB, Compressed Oops mode: 32-bit
Narrow klass base: 0x0000000000000000, Narrow klass shift: 3
Compressed class space size: 1073741824 Address: 0x0000000100000000

Heap:
 PSYoungGen      total 18944K, used 12997K [0x00000000eb300000, 0x00000000ec800000, 0x0000000100000000)
  eden space 16384K, 64% used [0x00000000eb300000,0x00000000ebd5d0c0,0x00000000ec300000)
  from space 2560K, 93% used [0x00000000ec300000,0x00000000ec5546f0,0x00000000ec580000)
  to   space 2560K, 0% used [0x00000000ec580000,0x00000000ec580000,0x00000000ec800000)
 ParOldGen       total 26624K, used 4761K [0x00000000c1800000, 0x00000000c3200000, 0x00000000eb300000)
  object space 26624K, 17% used [0x00000000c1800000,0x00000000c1ca65e0,0x00000000c3200000)
 Metaspace       used 19235K, capacity 20166K, committed 20352K, reserved 1069056K
  class space    used 2446K, capacity 2669K, committed 2688K, reserved 1048576K

Card table byte_map: [0x000002453bc90000,0x000002453be90000] byte_map_base: 0x000002453b684000

Marking Bits: (ParMarkBitMap*) 0x0000000077d24fb0
 Begin Bits: [0x000002453bfe0000, 0x000002453cf80000)
 End Bits:   [0x000002453cf80000, 0x000002453df20000)

Polling page: 0x000002452c8a0000

CodeCache: size=245760Kb used=5050Kb max_used=5050Kb free=240709Kb
 bounds [0x000002452c8d0000, 0x000002452cdd0000, 0x000002453b8d0000]
 total_blobs=1910 nmethods=1553 adapters=269
 compilation: enabled

Compilation events (10 events):
Event: 2.906 Thread 0x000002453f1a6000 nmethod 1473 0x000002452cd968d0 code [0x000002452cd96a60, 0x000002452cd96e50]
Event: 2.907 Thread 0x000002453f1a6000 1475       3       sun.nio.fs.WindowsPathParser::isInvalidPathChar (22 bytes)
Event: 2.907 Thread 0x000002453f1a6000 nmethod 1475 0x000002452cd97010 code [0x000002452cd97180, 0x000002452cd974f0]
Event: 2.907 Thread 0x000002453f1a6000 1476       3       java.util.ArrayDeque::addFirst (53 bytes)
Event: 2.908 Thread 0x000002453f1a6000 nmethod 1476 0x000002452cd98ad0 code [0x000002452cd98c60, 0x000002452cd99080]
Event: 2.908 Thread 0x000002453f1a6000 1477       3       sun.nio.fs.WindowsPathParser::nextNonSlash (24 bytes)
Event: 2.909 Thread 0x000002453f1a6000 nmethod 1477 0x000002452cd9bd10 code [0x000002452cd9bea0, 0x000002452cd9c3b0]
Event: 2.909 Thread 0x000002453f1a6000 1478       3       java.util.ArrayDeque::<init> (14 bytes)
Event: 2.909 Thread 0x000002453f19b800 nmethod 1456 0x000002452cd9c5d0 code [0x000002452cd9c780, 0x000002452cd9db78]
Event: 2.909 Thread 0x000002453f1a6000 nmethod 1478 0x000002452cd98590 code [0x000002452cd98700, 0x000002452cd989b8]

GC Heap History (10 events):
Event: 2.116 GC heap before
{Heap before GC invocations=6 (full 0):
 PSYoungGen      total 18944K, used 18917K [0x00000000eb300000, 0x00000000ec800000, 0x0000000100000000)
  eden space 16384K, 100% used [0x00000000eb300000,0x00000000ec300000,0x00000000ec300000)
  from space 2560K, 98% used [0x00000000ec300000,0x00000000ec5796c8,0x00000000ec580000)
  to   space 2560K, 0% used [0x00000000ec580000,0x00000000ec580000,0x00000000ec800000)
 ParOldGen       total 44032K, used 1750K [0x00000000c1800000, 0x00000000c4300000, 0x00000000eb300000)
  object space 44032K, 3% used [0x00000000c1800000,0x00000000c19b58e8,0x00000000c4300000)
 Metaspace       used 12337K, capacity 12996K, committed 13312K, reserved 1060864K
  class space    used 1546K, capacity 1689K, committed 1792K, reserved 1048576K
Event: 2.121 GC heap after
Heap after GC invocations=6 (full 0):
 PSYoungGen      total 18944K, used 2536K [0x00000000eb300000, 0x00000000ec800000, 0x0000000100000000)
  eden space 16384K, 0% used [0x00000000eb300000,0x00000000eb300000,0x00000000ec300000)
  from space 2560K, 99% used [0x00000000ec580000,0x00000000ec7fa000,0x00000000ec800000)
  to   space 2560K, 0% used [0x00000000ec300000,0x00000000ec300000,0x00000000ec580000)
 ParOldGen       total 44032K, used 3359K [0x00000000c1800000, 0x00000000c4300000, 0x00000000eb300000)
  object space 44032K, 7% used [0x00000000c1800000,0x00000000c1b47fc0,0x00000000c4300000)
 Metaspace       used 12337K, capacity 12996K, committed 13312K, reserved 1060864K
  class space    used 1546K, capacity 1689K, committed 1792K, reserved 1048576K
}
Event: 2.404 GC heap before
{Heap before GC invocations=7 (full 0):
 PSYoungGen      total 18944K, used 18920K [0x00000000eb300000, 0x00000000ec800000, 0x0000000100000000)
  eden space 16384K, 100% used [0x00000000eb300000,0x00000000ec300000,0x00000000ec300000)
  from space 2560K, 99% used [0x00000000ec580000,0x00000000ec7fa000,0x00000000ec800000)
  to   space 2560K, 0% used [0x00000000ec300000,0x00000000ec300000,0x00000000ec580000)
 ParOldGen       total 44032K, used 3374K [0x00000000c1800000, 0x00000000c4300000, 0x00000000eb300000)
  object space 44032K, 7% used [0x00000000c1800000,0x00000000c1b4bbd0,0x00000000c4300000)
 Metaspace       used 14909K, capacity 15642K, committed 15872K, reserved 1062912K
  class space    used 1837K, capacity 2036K, committed 2048K, reserved 1048576K
Event: 2.415 GC heap after
Heap after GC invocations=7 (full 0):
 PSYoungGen      total 18944K, used 2547K [0x00000000eb300000, 0x00000000ec800000, 0x0000000100000000)
  eden space 16384K, 0% used [0x00000000eb300000,0x00000000eb300000,0x00000000ec300000)
  from space 2560K, 99% used [0x00000000ec300000,0x00000000ec57cc58,0x00000000ec580000)
  to   space 2560K, 0% used [0x00000000ec580000,0x00000000ec580000,0x00000000ec800000)
 ParOldGen       total 44032K, used 5956K [0x00000000c1800000, 0x00000000c4300000, 0x00000000eb300000)
  object space 44032K, 13% used [0x00000000c1800000,0x00000000c1dd1298,0x00000000c4300000)
 Metaspace       used 14909K, capacity 15642K, committed 15872K, reserved 1062912K
  class space    used 1837K, capacity 2036K, committed 2048K, reserved 1048576K
}
Event: 2.672 GC heap before
{Heap before GC invocations=8 (full 0):
 PSYoungGen      total 18944K, used 13033K [0x00000000eb300000, 0x00000000ec800000, 0x0000000100000000)
  eden space 16384K, 64% used [0x00000000eb300000,0x00000000ebd3d860,0x00000000ec300000)
  from space 2560K, 99% used [0x00000000ec300000,0x00000000ec57cc58,0x00000000ec580000)
  to   space 2560K, 0% used [0x00000000ec580000,0x00000000ec580000,0x00000000ec800000)
 ParOldGen       total 44032K, used 5956K [0x00000000c1800000, 0x00000000c4300000, 0x00000000eb300000)
  object space 44032K, 13% used [0x00000000c1800000,0x00000000c1dd1298,0x00000000c4300000)
 Metaspace       used 16320K, capacity 17014K, committed 17152K, reserved 1071104K
  class space    used 2017K, capacity 2214K, committed 2304K, reserved 1048576K
Event: 2.676 GC heap after
Heap after GC invocations=8 (full 0):
 PSYoungGen      total 18944K, used 2549K [0x00000000eb300000, 0x00000000ec800000, 0x0000000100000000)
  eden space 16384K, 0% used [0x00000000eb300000,0x00000000eb300000,0x00000000ec300000)
  from space 2560K, 99% used [0x00000000ec580000,0x00000000ec7fd608,0x00000000ec800000)
  to   space 2560K, 0% used [0x00000000ec300000,0x00000000ec300000,0x00000000ec580000)
 ParOldGen       total 44032K, used 6510K [0x00000000c1800000, 0x00000000c4300000, 0x00000000eb300000)
  object space 44032K, 14% used [0x00000000c1800000,0x00000000c1e5b978,0x00000000c4300000)
 Metaspace       used 16320K, capacity 17014K, committed 17152K, reserved 1071104K
  class space    used 2017K, capacity 2214K, committed 2304K, reserved 1048576K
}
Event: 2.676 GC heap before
{Heap before GC invocations=9 (full 1):
 PSYoungGen      total 18944K, used 2549K [0x00000000eb300000, 0x00000000ec800000, 0x0000000100000000)
  eden space 16384K, 0% used [0x00000000eb300000,0x00000000eb300000,0x00000000ec300000)
  from space 2560K, 99% used [0x00000000ec580000,0x00000000ec7fd608,0x00000000ec800000)
  to   space 2560K, 0% used [0x00000000ec300000,0x00000000ec300000,0x00000000ec580000)
 ParOldGen       total 44032K, used 6510K [0x00000000c1800000, 0x00000000c4300000, 0x00000000eb300000)
  object space 44032K, 14% used [0x00000000c1800000,0x00000000c1e5b978,0x00000000c4300000)
 Metaspace       used 16320K, capacity 17014K, committed 17152K, reserved 1071104K
  class space    used 2017K, capacity 2214K, committed 2304K, reserved 1048576K
Event: 2.704 GC heap after
Heap after GC invocations=9 (full 1):
 PSYoungGen      total 18944K, used 0K [0x00000000eb300000, 0x00000000ec800000, 0x0000000100000000)
  eden space 16384K, 0% used [0x00000000eb300000,0x00000000eb300000,0x00000000ec300000)
  from space 2560K, 0% used [0x00000000ec580000,0x00000000ec580000,0x00000000ec800000)
  to   space 2560K, 0% used [0x00000000ec300000,0x00000000ec300000,0x00000000ec580000)
 ParOldGen       total 26624K, used 4746K [0x00000000c1800000, 0x00000000c3200000, 0x00000000eb300000)
  object space 26624K, 17% used [0x00000000c1800000,0x00000000c1ca2838,0x00000000c3200000)
 Metaspace       used 16320K, capacity 17014K, committed 17152K, reserved 1067008K
  class space    used 2017K, capacity 2214K, committed 2304K, reserved 1048576K
}
Event: 2.874 GC heap before
{Heap before GC invocations=10 (full 1):
 PSYoungGen      total 18944K, used 16384K [0x00000000eb300000, 0x00000000ec800000, 0x0000000100000000)
  eden space 16384K, 100% used [0x00000000eb300000,0x00000000ec300000,0x00000000ec300000)
  from space 2560K, 0% used [0x00000000ec580000,0x00000000ec580000,0x00000000ec800000)
  to   space 2560K, 0% used [0x00000000ec300000,0x00000000ec300000,0x00000000ec580000)
 ParOldGen       total 26624K, used 4761K [0x00000000c1800000, 0x00000000c3200000, 0x00000000eb300000)
  object space 26624K, 17% used [0x00000000c1800000,0x00000000c1ca65e0,0x00000000c3200000)
 Metaspace       used 18130K, capacity 18918K, committed 19200K, reserved 1067008K
  class space    used 2296K, capacity 2510K, committed 2560K, reserved 1048576K
Event: 2.877 GC heap after
Heap after GC invocations=10 (full 1):
 PSYoungGen      total 18944K, used 2385K [0x00000000eb300000, 0x00000000ec800000, 0x0000000100000000)
  eden space 16384K, 0% used [0x00000000eb300000,0x00000000eb300000,0x00000000ec300000)
  from space 2560K, 93% used [0x00000000ec300000,0x00000000ec5546f0,0x00000000ec580000)
  to   space 2560K, 0% used [0x00000000ec580000,0x00000000ec580000,0x00000000ec800000)
 ParOldGen       total 26624K, used 4761K [0x00000000c1800000, 0x00000000c3200000, 0x00000000eb300000)
  object space 26624K, 17% used [0x00000000c1800000,0x00000000c1ca65e0,0x00000000c3200000)
 Metaspace       used 18130K, capacity 18918K, committed 19200K, reserved 1067008K
  class space    used 2296K, capacity 2510K, committed 2560K, reserved 1048576K
}

Deoptimization events (9 events):
Event: 0.449 Thread 0x000002452af61800 Uncommon trap: reason=unstable_if action=reinterpret pc=0x000002452c9e8ee0 method=java.lang.String.hashCode()I @ 14
Event: 1.130 Thread 0x000002452af61800 Uncommon trap: reason=range_check action=make_not_entrant pc=0x000002452cb775a0 method=sun.reflect.generics.parser.SignatureParser.current()C @ 34
Event: 1.256 Thread 0x0000024540132000 Uncommon trap: reason=class_check action=maybe_recompile pc=0x000002452ca6c464 method=sun.misc.URLClassPath.getLoader(I)Lsun/misc/URLClassPath$Loader; @ 94
Event: 1.336 Thread 0x0000024540132000 Uncommon trap: reason=unstable_if action=reinterpret pc=0x000002452ca772b4 method=java.lang.String.indexOf([CII[CIII)I @ 3
Event: 1.755 Thread 0x0000024540132000 Uncommon trap: reason=unstable_if action=reinterpret pc=0x000002452cb7a3c8 method=java.util.HashMap.getNode(ILjava/lang/Object;)Ljava/util/HashMap$Node; @ 129
Event: 1.839 Thread 0x0000024540132000 Uncommon trap: reason=unstable_if action=reinterpret pc=0x000002452cb13204 method=sun.misc.MetaIndex.mayContain(Ljava/lang/String;)Z @ 38
Event: 2.362 Thread 0x0000024540132000 Uncommon trap: reason=unstable_if action=reinterpret pc=0x000002452cbb89a8 method=java.io.WinNTFileSystem.normalize(Ljava/lang/String;II)Ljava/lang/String; @ 90
Event: 2.458 Thread 0x0000024540132000 Uncommon trap: reason=unstable_if action=reinterpret pc=0x000002452cd30a6c method=java.util.concurrent.ConcurrentHashMap.putVal(Ljava/lang/Object;Ljava/lang/Object;Z)Ljava/lang/Object; @ 113
Event: 2.850 Thread 0x0000024540aee800 Uncommon trap: reason=unstable_if action=reinterpret pc=0x000002452cc5f368 method=jdk.internal.org.objectweb.asm.Type.getArgumentsAndReturnSizes(Ljava/lang/String;)I @ 47

Classes redefined (0 events):
No events

Internal exceptions (10 events):
Event: 2.799 Thread 0x0000024540132000 Exception <a 'java/lang/ClassNotFoundException': org/springframework/core/OrderedCustomizer> (0x00000000ebd9ee38) thrown at [C:\jenkins\workspace\8-2-build-windows-amd64-cygwin\jdk8u261\295\hotspot\src\share\vm\classfile\systemDictionary.cpp, line 210]
Event: 2.801 Thread 0x0000024540132000 Exception <a 'java/lang/ClassNotFoundException': org/springframework/context/ResourceLoaderAwareCustomizer> (0x00000000ebdb4988) thrown at [C:\jenkins\workspace\8-2-build-windows-amd64-cygwin\jdk8u261\295\hotspot\src\share\vm\classfile\systemDictionary.cp
Event: 2.802 Thread 0x0000024540132000 Exception <a 'java/lang/ClassNotFoundException': org/springframework/beans/factory/AwareCustomizer> (0x00000000ebe06e60) thrown at [C:\jenkins\workspace\8-2-build-windows-amd64-cygwin\jdk8u261\295\hotspot\src\share\vm\classfile\systemDictionary.cpp, line 
Event: 2.804 Thread 0x0000024540132000 Exception <a 'java/lang/ClassNotFoundException': org/springframework/context/ApplicationStartupAwareCustomizer> (0x00000000ebe1d0c0) thrown at [C:\jenkins\workspace\8-2-build-windows-amd64-cygwin\jdk8u261\295\hotspot\src\share\vm\classfile\systemDictionar
Event: 2.806 Thread 0x0000024540132000 Exception <a 'java/lang/ClassNotFoundException': org/springframework/beans/factory/AwareCustomizer> (0x00000000ebe75608) thrown at [C:\jenkins\workspace\8-2-build-windows-amd64-cygwin\jdk8u261\295\hotspot\src\share\vm\classfile\systemDictionary.cpp, line 
Event: 2.808 Thread 0x0000024540132000 Exception <a 'java/lang/ClassNotFoundException': org/springframework/beans/factory/BeanClassLoaderAwareCustomizer> (0x00000000ebe8c310) thrown at [C:\jenkins\workspace\8-2-build-windows-amd64-cygwin\jdk8u261\295\hotspot\src\share\vm\classfile\systemDictio
Event: 2.809 Thread 0x0000024540132000 Exception <a 'java/lang/ClassNotFoundException': org/springframework/beans/factory/AwareCustomizer> (0x00000000ebec2df0) thrown at [C:\jenkins\workspace\8-2-build-windows-amd64-cygwin\jdk8u261\295\hotspot\src\share\vm\classfile\systemDictionary.cpp, line 
Event: 2.811 Thread 0x0000024540132000 Exception <a 'java/lang/ClassNotFoundException': org/springframework/context/EnvironmentAwareCustomizer> (0x00000000ebed7130) thrown at [C:\jenkins\workspace\8-2-build-windows-amd64-cygwin\jdk8u261\295\hotspot\src\share\vm\classfile\systemDictionary.cpp, 
Event: 2.813 Thread 0x0000024540132000 Exception <a 'java/lang/ClassNotFoundException': org/springframework/beans/factory/AwareCustomizer> (0x00000000ebf294f0) thrown at [C:\jenkins\workspace\8-2-build-windows-amd64-cygwin\jdk8u261\295\hotspot\src\share\vm\classfile\systemDictionary.cpp, line 
Event: 2.857 Thread 0x0000024540aee800 Exception <a 'java/lang/IncompatibleClassChangeError': Found class java.lang.Object, but interface was expected> (0x00000000ec22a728) thrown at [C:\jenkins\workspace\8-2-build-windows-amd64-cygwin\jdk8u261\295\hotspot\src\share\vm\interpreter\linkResolver

Events (10 events):
Event: 2.918 loading class sun/nio/fs/WindowsNativeDispatcher$Account done
Event: 2.919 loading class sun/nio/fs/WindowsNativeDispatcher$AclInformation
Event: 2.919 loading class sun/nio/fs/WindowsNativeDispatcher$AclInformation done
Event: 2.919 loading class sun/nio/fs/WindowsNativeDispatcher$CompletionStatus
Event: 2.919 loading class sun/nio/fs/WindowsNativeDispatcher$CompletionStatus done
Event: 2.919 loading class sun/nio/fs/WindowsNativeDispatcher$BackupResult
Event: 2.919 loading class sun/nio/fs/WindowsNativeDispatcher$BackupResult done
Event: 2.919 loading class sun/nio/fs/NativeBuffers
Event: 2.919 loading class sun/nio/fs/NativeBuffers done
Event: 2.919 loading class sun/nio/fs/NativeBuffer


Dynamic libraries:
0x00007ff6990e0000 - 0x00007ff699127000 	C:\Program Files\Java\jdk1.8.0_261\bin\javaw.exe
0x00007ffdb1870000 - 0x00007ffdb1a65000 	C:\WINDOWS\SYSTEM32\ntdll.dll
0x00007ffdafb80000 - 0x00007ffdafc3d000 	C:\WINDOWS\System32\KERNEL32.DLL
0x00007ffdaf0e0000 - 0x00007ffdaf3a7000 	C:\WINDOWS\System32\KERNELBASE.dll
0x00007ffdaff80000 - 0x00007ffdb002a000 	C:\WINDOWS\System32\ADVAPI32.dll
0x00007ffdb16b0000 - 0x00007ffdb174e000 	C:\WINDOWS\System32\msvcrt.dll
0x00007ffdb0ae0000 - 0x00007ffdb0b7b000 	C:\WINDOWS\System32\sechost.dll
0x00007ffdafc40000 - 0x00007ffdafd63000 	C:\WINDOWS\System32\RPCRT4.dll
0x00007ffdaf970000 - 0x00007ffdafb10000 	C:\WINDOWS\System32\USER32.dll
0x00007ffdaf800000 - 0x00007ffdaf822000 	C:\WINDOWS\System32\win32u.dll
0x00007ffdaf940000 - 0x00007ffdaf96a000 	C:\WINDOWS\System32\GDI32.dll
0x00007ffdaf430000 - 0x00007ffdaf53a000 	C:\WINDOWS\System32\gdi32full.dll
0x00007ffdaefc0000 - 0x00007ffdaf05d000 	C:\WINDOWS\System32\msvcp_win.dll
0x00007ffdaf540000 - 0x00007ffdaf640000 	C:\WINDOWS\System32\ucrtbase.dll
0x00007ffd9d1f0000 - 0x00007ffd9d48a000 	C:\WINDOWS\WinSxS\amd64_microsoft.windows.common-controls_6595b64144ccf1df_6.0.19041.1_none_b555e41d4684ddec\COMCTL32.dll
0x00007ffdb12c0000 - 0x00007ffdb12f0000 	C:\WINDOWS\System32\IMM32.DLL
0x00007ffd97e50000 - 0x00007ffd97e65000 	C:\Program Files\Java\jdk1.8.0_261\jre\bin\vcruntime140.dll
0x00007ffd8c970000 - 0x00007ffd8ca0b000 	C:\Program Files\Java\jdk1.8.0_261\jre\bin\msvcp140.dll
0x0000000077530000 - 0x0000000077d9c000 	C:\Program Files\Java\jdk1.8.0_261\jre\bin\server\jvm.dll
0x00007ffdafb10000 - 0x00007ffdafb18000 	C:\WINDOWS\System32\PSAPI.DLL
0x00007ffda14a0000 - 0x00007ffda14c7000 	C:\WINDOWS\SYSTEM32\WINMM.dll
0x00007ffda0610000 - 0x00007ffda061a000 	C:\WINDOWS\SYSTEM32\VERSION.dll
0x00007ffd9ae20000 - 0x00007ffd9ae29000 	C:\WINDOWS\SYSTEM32\WSOCK32.dll
0x00007ffdb00e0000 - 0x00007ffdb014b000 	C:\WINDOWS\System32\WS2_32.dll
0x00007ffdad910000 - 0x00007ffdad923000 	C:\WINDOWS\SYSTEM32\kernel.appcore.dll
0x00007ffda9700000 - 0x00007ffda9710000 	C:\Program Files\Java\jdk1.8.0_261\jre\bin\verify.dll
0x00007ffd97d00000 - 0x00007ffd97d2b000 	C:\Program Files\Java\jdk1.8.0_261\jre\bin\java.dll
0x00007ffd97e30000 - 0x00007ffd97e48000 	C:\Program Files\Java\jdk1.8.0_261\jre\bin\zip.dll
0x00007ffdb0b80000 - 0x00007ffdb12c0000 	C:\WINDOWS\System32\SHELL32.dll
0x00007ffda7880000 - 0x00007ffda8011000 	C:\WINDOWS\SYSTEM32\windows.storage.dll
0x00007ffdb0310000 - 0x00007ffdb0663000 	C:\WINDOWS\System32\combase.dll
0x00007ffdae970000 - 0x00007ffdae99c000 	C:\WINDOWS\SYSTEM32\Wldp.dll
0x00007ffdb0030000 - 0x00007ffdb00de000 	C:\WINDOWS\System32\SHCORE.dll
0x00007ffdafb20000 - 0x00007ffdafb75000 	C:\WINDOWS\System32\shlwapi.dll
0x00007ffdaef00000 - 0x00007ffdaef1f000 	C:\WINDOWS\SYSTEM32\profapi.dll
0x00007ffda9040000 - 0x00007ffda904d000 	C:\Program Files\Java\jdk1.8.0_261\jre\bin\management.dll
0x00007ffd97ce0000 - 0x00007ffd97cfc000 	C:\Program Files\Java\jdk1.8.0_261\jre\bin\net.dll
0x00007ffdae760000 - 0x00007ffdae7ca000 	C:\WINDOWS\system32\mswsock.dll
0x00007ffd977b0000 - 0x00007ffd977c7000 	C:\WINDOWS\system32\napinsp.dll
0x00007ffd97790000 - 0x00007ffd977ab000 	C:\WINDOWS\system32\pnrpnsp.dll
0x00007ffdab3d0000 - 0x00007ffdab3ed000 	C:\WINDOWS\system32\NLAapi.dll
0x00007ffdae420000 - 0x00007ffdae45b000 	C:\WINDOWS\SYSTEM32\IPHLPAPI.DLL
0x00007ffdae460000 - 0x00007ffdae52a000 	C:\WINDOWS\SYSTEM32\DNSAPI.dll
0x00007ffdb14f0000 - 0x00007ffdb14f9000 	C:\WINDOWS\System32\NSI.dll
0x00007ffda89b0000 - 0x00007ffda89c5000 	C:\WINDOWS\system32\wshbth.dll
0x00007ffd97770000 - 0x00007ffd97782000 	C:\WINDOWS\System32\winrnr.dll
0x00007ffd9fa50000 - 0x00007ffd9fa5a000 	C:\Windows\System32\rasadhlp.dll
0x00007ffda16e0000 - 0x00007ffda175f000 	C:\WINDOWS\System32\fwpuclnt.dll
0x00007ffdaf400000 - 0x00007ffdaf427000 	C:\WINDOWS\System32\bcrypt.dll
0x00007ffd97150000 - 0x00007ffd97163000 	C:\Program Files\Java\jdk1.8.0_261\jre\bin\nio.dll
0x00007ffd9e6a0000 - 0x00007ffd9e884000 	C:\WINDOWS\SYSTEM32\dbghelp.dll
0x00007ffdaf060000 - 0x00007ffdaf0df000 	C:\WINDOWS\System32\bcryptPrimitives.dll

VM Arguments:
jvm_args: -Dfile.encoding=UTF-8 
java_command: org.sid.cinema.CinemaApplication
java_class_path (initial): C:\Users\Youssef\eclipse-workspace\cinema\target\classes;C:\Users\Youssef\.m2\repository\org\springframework\boot\spring-boot-starter-data-jpa\2.4.5\spring-boot-starter-data-jpa-2.4.5.jar;C:\Users\Youssef\.m2\repository\org\springframework\boot\spring-boot-starter-aop\2.4.5\spring-boot-starter-aop-2.4.5.jar;C:\Users\Youssef\.m2\repository\org\springframework\spring-aop\5.3.6\spring-aop-5.3.6.jar;C:\Users\Youssef\.m2\repository\org\aspectj\aspectjweaver\1.9.6\aspectjweaver-1.9.6.jar;C:\Users\Youssef\.m2\repository\org\springframework\boot\spring-boot-starter-jdbc\2.4.5\spring-boot-starter-jdbc-2.4.5.jar;C:\Users\Youssef\.m2\repository\com\zaxxer\HikariCP\3.4.5\HikariCP-3.4.5.jar;C:\Users\Youssef\.m2\repository\org\springframework\spring-jdbc\5.3.6\spring-jdbc-5.3.6.jar;C:\Users\Youssef\.m2\repository\jakarta\transaction\jakarta.transaction-api\1.3.3\jakarta.transaction-api-1.3.3.jar;C:\Users\Youssef\.m2\repository\jakarta\persistence\jakarta.persistence-api\2.2.3\jakarta.persistence-api-2.2.3.jar;C:\Users\Youssef\.m2\repository\org\hibernate\hibernate-core\5.4.30.Final\hibernate-core-5.4.30.Final.jar;C:\Users\Youssef\.m2\repository\org\jboss\logging\jboss-logging\3.4.1.Final\jboss-logging-3.4.1.Final.jar;C:\Users\Youssef\.m2\repository\org\javassist\javassist\3.27.0-GA\javassist-3.27.0-GA.jar;C:\Users\Youssef\.m2\repository\net\bytebuddy\byte-buddy\1.10.22\byte-buddy-1.10.22.jar;C:\Users\Youssef\.m2\repository\antlr\antlr\2.7.7\antlr-2.7.7.jar;C:\Users\Youssef\.m2\repository\org\jboss\jandex\2.2.3.Final\jandex-2.2.3.Final.jar;C:\Users\Youssef\.m2\repository\com\fasterxml\classmate\1.5.1\classmate-1.5.1.jar;C:\Users\Youssef\.m2\repository\org\dom4j\dom4j\2.1.3\dom4j-2.1.3.jar;C:\Users\Youssef\.m2\repository\org\hibernate\common\hibernate-commons-annotations\5.1.2.Final\hibernate-commons-annotations-5.1.2.Final.jar;C:\Users\Youssef\.m2\repository\org\glassfish\jaxb\jaxb-runtime\2.3.4\jaxb-runtime-2.3.4.jar;C:\Users\Youssef\.m2\repository\or
Launcher Type: SUN_STANDARD

Environment Variables:
PATH=C:/Program Files/Java/jdk-14.0.2/bin/server;C:/Program Files/Java/jdk-14.0.2/bin;C:\Program Files (x86)\VMware\VMware Player\bin\;C:\app\Youssef\product\11.2.0\dbhome_1\bin;C:\Program Files (x86)\Common Files\Oracle\Java\javapath;C:\WINDOWS\system32;C:\WINDOWS;C:\WINDOWS\System32\Wbem;C:\WINDOWS\System32\WindowsPowerShell\v1.0\;C:\WINDOWS\System32\OpenSSH\;C:\Program Files\Git\cmd;C:\Program Files\dotnet\;C:\Program Files\Microsoft SQL Server\130\Tools\Binn\;C:\Program Files\Microsoft SQL Server\Client SDK\ODBC\170\Tools\Binn\;C:\Program Files\PuTTY\;C:\Program Files (x86)\Microsoft SQL Server\150\DTS\Binn\;C:\Program Files (x86)\Microsoft SQL Server\150\Tools\Binn\;C:\Program Files\Microsoft SQL Server\150\Tools\Binn\;C:\Program Files\Microsoft SQL Server\150\DTS\Binn\;C:\wamp64\bin\php\php5.6.40;C:\ProgramData\ComposerSetup\bin;C:\Program Files\nodejs\;C:\Users\Youssef\AppData\Local\Programs\Python\Python38-32\Scripts\;C:\Users\Youssef\AppData\Local\Programs\Python\Python38-32\;C:\Users\Youssef\AppData\Local\Microsoft\WindowsApps;C:\Users\Youssef\.dotnet\tools;C:\Program Files\mingw-w64\x86_64-8.1.0-win32-seh-rt_v6-rev0\mingw64\bin;C:\Users\Youssef\AppData\Local\Programs\Microsoft VS Code\bin;C:\Users\Youssef\AppData\Roaming\Composer\vendor\bin;C:\xampp\php;C:\Users\Youssef\AppData\Roaming\npm;C:\WINDOWS\system32;
USERNAME=Youssef
OS=Windows_NT
PROCESSOR_IDENTIFIER=Intel64 Family 6 Model 69 Stepping 1, GenuineIntel



---------------  S Y S T E M  ---------------

OS: Windows 10.0 , 64 bit Build 19041 (10.0.19041.292)

CPU:total 4 (initial active 4) (2 cores per cpu, 2 threads per core) family 6 model 69 stepping 1, cmov, cx8, fxsr, mmx, sse, sse2, sse3, ssse3, sse4.1, sse4.2, popcnt, avx, avx2, aes, clmul, erms, lzcnt, ht, tsc, tscinvbit, bmi1, bmi2

Memory: 4k page, physical 4088172k(423708k free), swap 16671084k(11136k free)

vm_info: Java HotSpot(TM) 64-Bit Server VM (25.261-b12) for windows-amd64 JRE (1.8.0_261-b12), built on Jun 18 2020 06:56:32 by "" with unknown MS VC++:1916

time: Fri Jul  9 11:26:00 2021
timezone: Morocco Daylight Time
elapsed time: 4 seconds (0d 0h 0m 4s)

