#
# There is insufficient memory for the Java Runtime Environment to continue.
# Native memory allocation (malloc) failed to allocate 113808 bytes for Chunk::new
# Possible reasons:
#   The system is out of physical RAM or swap space
#   The process is running with CompressedOops enabled, and the Java Heap may be blocking the growth of the native heap
# Possible solutions:
#   Reduce memory load on the system
#   Increase physical memory or swap space
#   Check if swap backing store is full
#   Decrease Java heap size (-Xmx/-Xms)
#   Decrease number of Java threads
#   Decrease Java thread stack sizes (-Xss)
#   Set larger code cache with -XX:ReservedCodeCacheSize=
#   JVM is running with Unscaled Compressed Oops mode in which the Java heap is
#     placed in the first 4GB address space. The Java Heap base address is the
#     maximum limit for the native heap growth. Please use -XX:HeapBaseMinAddress
#     to set the Java Heap base and to place the Java Heap above 4GB virtual address.
# This output file may be truncated or incomplete.
#
#  Out of Memory Error (allocation.cpp:389), pid=6884, tid=0x00000000000024dc
#
# JRE version: Java(TM) SE Runtime Environment (8.0_261-b12) (build 1.8.0_261-b12)
# Java VM: Java HotSpot(TM) 64-Bit Server VM (25.261-b12 mixed mode windows-amd64 compressed oops)
# Failed to write core dump. Minidumps are not enabled by default on client versions of Windows
#

---------------  T H R E A D  ---------------

Current thread (0x000001f4f039f000):  JavaThread "C2 CompilerThread1" daemon [_thread_in_native, id=9436, stack(0x0000001fa5300000,0x0000001fa5400000)]

Stack: [0x0000001fa5300000,0x0000001fa5400000]
Native frames: (J=compiled Java code, j=interpreted, Vv=VM code, C=native code)
V  [jvm.dll+0x33e5f9]
V  [jvm.dll+0x2850e2]
V  [jvm.dll+0x285d8d]
V  [jvm.dll+0x27c895]
V  [jvm.dll+0xe4d6c]
V  [jvm.dll+0xe556c]
V  [jvm.dll+0x47ed35]
V  [jvm.dll+0x446ab8]
V  [jvm.dll+0x44f8f5]
V  [jvm.dll+0x44ecb5]
V  [jvm.dll+0x439bc7]
V  [jvm.dll+0xbbbcb]
V  [jvm.dll+0xba22b]
V  [jvm.dll+0x24d962]
V  [jvm.dll+0x2a1cfc]
C  [ucrtbase.dll+0x21542]
C  [KERNEL32.DLL+0x16fd4]
C  [ntdll.dll+0x4cec1]


Current CompileTask:
C2:  21447 1801       4       org.springframework.boot.context.properties.source.ConfigurationPropertyName::getElement (161 bytes)


---------------  P R O C E S S  ---------------

Java Threads: ( => current thread )
  0x000001f4f0419000 JavaThread "restartedMain" [_thread_in_native, id=4388, stack(0x0000001fa5800000,0x0000001fa5900000)]
  0x000001f4f041c000 JavaThread "Thread-0" [_thread_blocked, id=9372, stack(0x0000001fa5700000,0x0000001fa5800000)]
  0x000001f4f041e800 JavaThread "Service Thread" daemon [_thread_blocked, id=9252, stack(0x0000001fa5500000,0x0000001fa5600000)]
  0x000001f4f03a5800 JavaThread "C1 CompilerThread2" daemon [_thread_blocked, id=8444, stack(0x0000001fa5400000,0x0000001fa5500000)]
=>0x000001f4f039f000 JavaThread "C2 CompilerThread1" daemon [_thread_in_native, id=9436, stack(0x0000001fa5300000,0x0000001fa5400000)]
  0x000001f4f0396000 JavaThread "C2 CompilerThread0" daemon [_thread_in_native, id=4528, stack(0x0000001fa5200000,0x0000001fa5300000)]
  0x000001f4f0394800 JavaThread "Attach Listener" daemon [_thread_blocked, id=10800, stack(0x0000001fa5100000,0x0000001fa5200000)]
  0x000001f4f0392000 JavaThread "Signal Dispatcher" daemon [_thread_blocked, id=10304, stack(0x0000001fa5000000,0x0000001fa5100000)]
  0x000001f4f0370000 JavaThread "Finalizer" daemon [_thread_blocked, id=196, stack(0x0000001fa4f00000,0x0000001fa5000000)]
  0x000001f4efc3e000 JavaThread "Reference Handler" daemon [_thread_blocked, id=9320, stack(0x0000001fa4e00000,0x0000001fa4f00000)]
  0x000001f4dc290000 JavaThread "main" [_thread_blocked, id=2360, stack(0x0000001fa4800000,0x0000001fa4900000)]

Other Threads:
  0x000001f4f0343000 VMThread [stack: 0x0000001fa4d00000,0x0000001fa4e00000] [id=8336]
  0x000001f4f043f000 WatcherThread [stack: 0x0000001fa5600000,0x0000001fa5700000] [id=10932]

VM state:not at safepoint (normal execution)

VM Mutex/Monitor currently owned by a thread: None

heap address: 0x00000000c1800000, size: 1000 MB, Compressed Oops mode: 32-bit
Narrow klass base: 0x0000000000000000, Narrow klass shift: 3
Compressed class space size: 1073741824 Address: 0x0000000100000000

Heap:
 PSYoungGen      total 134656K, used 1690K [0x00000000eb300000, 0x00000000f3e00000, 0x0000000100000000)
  eden space 126976K, 1% used [0x00000000eb300000,0x00000000eb4a6840,0x00000000f2f00000)
  from space 7680K, 0% used [0x00000000f3680000,0x00000000f3680000,0x00000000f3e00000)
  to   space 7680K, 0% used [0x00000000f2f00000,0x00000000f2f00000,0x00000000f3680000)
 ParOldGen       total 30208K, used 6089K [0x00000000c1800000, 0x00000000c3580000, 0x00000000eb300000)
  object space 30208K, 20% used [0x00000000c1800000,0x00000000c1df2518,0x00000000c3580000)
 Metaspace       used 20220K, capacity 21226K, committed 21504K, reserved 1069056K
  class space    used 2533K, capacity 2757K, committed 2816K, reserved 1048576K

Card table byte_map: [0x000001f4eceb0000,0x000001f4ed0b0000] byte_map_base: 0x000001f4ec8a4000

Marking Bits: (ParMarkBitMap*) 0x0000000077d24fb0
 Begin Bits: [0x000001f4ed200000, 0x000001f4ee1a0000)
 End Bits:   [0x000001f4ee1a0000, 0x000001f4ef140000)

Polling page: 0x000001f4dc1f0000

CodeCache: size=245760Kb used=6088Kb max_used=6088Kb free=239671Kb
 bounds [0x000001f4ddaf0000, 0x000001f4de0f0000, 0x000001f4ecaf0000]
 total_blobs=2207 nmethods=1848 adapters=271
 compilation: enabled

Compilation events (10 events):
Event: 20.028 Thread 0x000001f4f03a5800 1809       1       org.springframework.core.annotation.MergedAnnotationsCollection$AnnotationsSpliterator::characteristics (4 bytes)
Event: 20.028 Thread 0x000001f4f03a5800 nmethod 1809 0x000001f4de0bf010 code [0x000001f4de0bf160, 0x000001f4de0bf278]
Event: 20.028 Thread 0x000001f4f03a5800 1810       3       org.springframework.core.io.AbstractResource::<init> (5 bytes)
Event: 20.029 Thread 0x000001f4f03a5800 nmethod 1810 0x000001f4de0bf2d0 code [0x000001f4de0bf420, 0x000001f4de0bf5d8]
Event: 20.029 Thread 0x000001f4f03a5800 1811       3       org.springframework.core.io.DefaultResourceLoader::getClassLoader (18 bytes)
Event: 20.029 Thread 0x000001f4f03a5800 nmethod 1811 0x000001f4de0bf690 code [0x000001f4de0bf800, 0x000001f4de0bf9f0]
Event: 20.029 Thread 0x000001f4f03a5800 1812   !   3       org.springframework.boot.autoconfigure.condition.FilteringSpringBootCondition$ClassNameFilter::isPresent (19 bytes)
Event: 20.030 Thread 0x000001f4f03a5800 nmethod 1812 0x000001f4de0bfa90 code [0x000001f4de0bfc40, 0x000001f4de0c0120]
Event: 20.030 Thread 0x000001f4f03a5800 1813       3       org.springframework.boot.autoconfigure.condition.FilteringSpringBootCondition::resolve (16 bytes)
Event: 20.030 Thread 0x000001f4f03a5800 nmethod 1813 0x000001f4de0c03d0 code [0x000001f4de0c0560, 0x000001f4de0c0930]

GC Heap History (10 events):
Event: 1.710 GC heap before
{Heap before GC invocations=3 (full 0):
 PSYoungGen      total 18944K, used 18903K [0x00000000eb300000, 0x00000000ed800000, 0x0000000100000000)
  eden space 16384K, 99% used [0x00000000eb300000,0x00000000ec2f6250,0x00000000ec300000)
  from space 2560K, 99% used [0x00000000ec580000,0x00000000ec7ffa20,0x00000000ec800000)
  to   space 2560K, 0% used [0x00000000ec300000,0x00000000ec300000,0x00000000ec580000)
 ParOldGen       total 44032K, used 226K [0x00000000c1800000, 0x00000000c4300000, 0x00000000eb300000)
  object space 44032K, 0% used [0x00000000c1800000,0x00000000c1838a08,0x00000000c4300000)
 Metaspace       used 7649K, capacity 7850K, committed 7936K, reserved 1056768K
  class space    used 888K, capacity 959K, committed 1024K, reserved 1048576K
Event: 1.712 GC heap after
Heap after GC invocations=3 (full 0):
 PSYoungGen      total 18944K, used 1955K [0x00000000eb300000, 0x00000000ed800000, 0x0000000100000000)
  eden space 16384K, 0% used [0x00000000eb300000,0x00000000eb300000,0x00000000ec300000)
  from space 2560K, 76% used [0x00000000ec300000,0x00000000ec4e8c90,0x00000000ec580000)
  to   space 2560K, 0% used [0x00000000ed580000,0x00000000ed580000,0x00000000ed800000)
 ParOldGen       total 44032K, used 234K [0x00000000c1800000, 0x00000000c4300000, 0x00000000eb300000)
  object space 44032K, 0% used [0x00000000c1800000,0x00000000c183aa08,0x00000000c4300000)
 Metaspace       used 7649K, capacity 7850K, committed 7936K, reserved 1056768K
  class space    used 888K, capacity 959K, committed 1024K, reserved 1048576K
}
Event: 1.859 GC heap before
{Heap before GC invocations=4 (full 0):
 PSYoungGen      total 18944K, used 18339K [0x00000000eb300000, 0x00000000ed800000, 0x0000000100000000)
  eden space 16384K, 100% used [0x00000000eb300000,0x00000000ec300000,0x00000000ec300000)
  from space 2560K, 76% used [0x00000000ec300000,0x00000000ec4e8c90,0x00000000ec580000)
  to   space 2560K, 0% used [0x00000000ed580000,0x00000000ed580000,0x00000000ed800000)
 ParOldGen       total 44032K, used 234K [0x00000000c1800000, 0x00000000c4300000, 0x00000000eb300000)
  object space 44032K, 0% used [0x00000000c1800000,0x00000000c183aa08,0x00000000c4300000)
 Metaspace       used 7822K, capacity 8032K, committed 8192K, reserved 1056768K
  class space    used 912K, capacity 997K, committed 1024K, reserved 1048576K
Event: 1.869 GC heap after
Heap after GC invocations=4 (full 0):
 PSYoungGen      total 35328K, used 2545K [0x00000000eb300000, 0x00000000ed800000, 0x0000000100000000)
  eden space 32768K, 0% used [0x00000000eb300000,0x00000000eb300000,0x00000000ed300000)
  from space 2560K, 99% used [0x00000000ed580000,0x00000000ed7fc578,0x00000000ed800000)
  to   space 2560K, 0% used [0x00000000ed300000,0x00000000ed300000,0x00000000ed580000)
 ParOldGen       total 44032K, used 479K [0x00000000c1800000, 0x00000000c4300000, 0x00000000eb300000)
  object space 44032K, 1% used [0x00000000c1800000,0x00000000c1877fe0,0x00000000c4300000)
 Metaspace       used 7822K, capacity 8032K, committed 8192K, reserved 1056768K
  class space    used 912K, capacity 997K, committed 1024K, reserved 1048576K
}
Event: 2.948 GC heap before
{Heap before GC invocations=5 (full 0):
 PSYoungGen      total 35328K, used 35313K [0x00000000eb300000, 0x00000000ed800000, 0x0000000100000000)
  eden space 32768K, 100% used [0x00000000eb300000,0x00000000ed300000,0x00000000ed300000)
  from space 2560K, 99% used [0x00000000ed580000,0x00000000ed7fc578,0x00000000ed800000)
  to   space 2560K, 0% used [0x00000000ed300000,0x00000000ed300000,0x00000000ed580000)
 ParOldGen       total 44032K, used 479K [0x00000000c1800000, 0x00000000c4300000, 0x00000000eb300000)
  object space 44032K, 1% used [0x00000000c1800000,0x00000000c1877fe0,0x00000000c4300000)
 Metaspace       used 12297K, capacity 12988K, committed 13312K, reserved 1060864K
  class space    used 1542K, capacity 1687K, committed 1792K, reserved 1048576K
Event: 2.956 GC heap after
Heap after GC invocations=5 (full 0):
 PSYoungGen      total 35328K, used 2528K [0x00000000eb300000, 0x00000000efd00000, 0x0000000100000000)
  eden space 32768K, 0% used [0x00000000eb300000,0x00000000eb300000,0x00000000ed300000)
  from space 2560K, 98% used [0x00000000ed300000,0x00000000ed578020,0x00000000ed580000)
  to   space 5120K, 0% used [0x00000000ef800000,0x00000000ef800000,0x00000000efd00000)
 ParOldGen       total 44032K, used 3185K [0x00000000c1800000, 0x00000000c4300000, 0x00000000eb300000)
  object space 44032K, 7% used [0x00000000c1800000,0x00000000c1b1c568,0x00000000c4300000)
 Metaspace       used 12297K, capacity 12988K, committed 13312K, reserved 1060864K
  class space    used 1542K, capacity 1687K, committed 1792K, reserved 1048576K
}
Event: 3.424 GC heap before
{Heap before GC invocations=6 (full 0):
 PSYoungGen      total 35328K, used 35296K [0x00000000eb300000, 0x00000000efd00000, 0x0000000100000000)
  eden space 32768K, 100% used [0x00000000eb300000,0x00000000ed300000,0x00000000ed300000)
  from space 2560K, 98% used [0x00000000ed300000,0x00000000ed578020,0x00000000ed580000)
  to   space 5120K, 0% used [0x00000000ef800000,0x00000000ef800000,0x00000000efd00000)
 ParOldGen       total 44032K, used 3185K [0x00000000c1800000, 0x00000000c4300000, 0x00000000eb300000)
  object space 44032K, 7% used [0x00000000c1800000,0x00000000c1b1c568,0x00000000c4300000)
 Metaspace       used 17006K, capacity 17748K, committed 17920K, reserved 1064960K
  class space    used 2117K, capacity 2285K, committed 2304K, reserved 1048576K
Event: 3.444 GC heap after
Heap after GC invocations=6 (full 0):
 PSYoungGen      total 68608K, used 5097K [0x00000000eb300000, 0x00000000f0100000, 0x0000000100000000)
  eden space 63488K, 0% used [0x00000000eb300000,0x00000000eb300000,0x00000000ef100000)
  from space 5120K, 99% used [0x00000000ef800000,0x00000000efcfa430,0x00000000efd00000)
  to   space 7168K, 0% used [0x00000000ef100000,0x00000000ef100000,0x00000000ef800000)
 ParOldGen       total 44032K, used 5541K [0x00000000c1800000, 0x00000000c4300000, 0x00000000eb300000)
  object space 44032K, 12% used [0x00000000c1800000,0x00000000c1d695d0,0x00000000c4300000)
 Metaspace       used 17006K, capacity 17748K, committed 17920K, reserved 1064960K
  class space    used 2117K, capacity 2285K, committed 2304K, reserved 1048576K
}
Event: 15.003 GC heap before
{Heap before GC invocations=7 (full 0):
 PSYoungGen      total 68608K, used 68585K [0x00000000eb300000, 0x00000000f0100000, 0x0000000100000000)
  eden space 63488K, 100% used [0x00000000eb300000,0x00000000ef100000,0x00000000ef100000)
  from space 5120K, 99% used [0x00000000ef800000,0x00000000efcfa430,0x00000000efd00000)
  to   space 7168K, 0% used [0x00000000ef100000,0x00000000ef100000,0x00000000ef800000)
 ParOldGen       total 44032K, used 5541K [0x00000000c1800000, 0x00000000c4300000, 0x00000000eb300000)
  object space 44032K, 12% used [0x00000000c1800000,0x00000000c1d695d0,0x00000000c4300000)
 Metaspace       used 19800K, capacity 20696K, committed 20992K, reserved 1067008K
  class space    used 2481K, capacity 2703K, committed 2816K, reserved 1048576K
Event: 15.018 GC heap after
Heap after GC invocations=7 (full 0):
 PSYoungGen      total 70656K, used 5589K [0x00000000eb300000, 0x00000000f3e00000, 0x0000000100000000)
  eden space 63488K, 0% used [0x00000000eb300000,0x00000000eb300000,0x00000000ef100000)
  from space 7168K, 77% used [0x00000000ef100000,0x00000000ef675740,0x00000000ef800000)
  to   space 7680K, 0% used [0x00000000f3680000,0x00000000f3680000,0x00000000f3e00000)
 ParOldGen       total 44032K, used 6919K [0x00000000c1800000, 0x00000000c4300000, 0x00000000eb300000)
  object space 44032K, 15% used [0x00000000c1800000,0x00000000c1ec1d90,0x00000000c4300000)
 Metaspace       used 19800K, capacity 20696K, committed 20992K, reserved 1067008K
  class space    used 2481K, capacity 2703K, committed 2816K, reserved 1048576K
}

Deoptimization events (10 events):
Event: 2.586 Thread 0x000001f4f0419000 Uncommon trap: reason=unstable_if action=reinterpret pc=0x000001f4ddda75c8 method=java.util.HashMap.getNode(ILjava/lang/Object;)Ljava/util/HashMap$Node; @ 129
Event: 2.702 Thread 0x000001f4f0419000 Uncommon trap: reason=unstable_if action=reinterpret pc=0x000001f4dddf5e58 method=sun.misc.MetaIndex.mayContain(Ljava/lang/String;)Z @ 38
Event: 2.703 Thread 0x000001f4f0419000 Uncommon trap: reason=unstable_if action=reinterpret pc=0x000001f4ddd14f14 method=sun.misc.MetaIndex.mayContain(Ljava/lang/String;)Z @ 38
Event: 3.171 Thread 0x000001f4f0419000 Uncommon trap: reason=unstable_if action=reinterpret pc=0x000001f4dddd5908 method=java.io.WinNTFileSystem.normalize(Ljava/lang/String;II)Ljava/lang/String; @ 90
Event: 3.193 Thread 0x000001f4f041b800 Uncommon trap: reason=unstable_if action=reinterpret pc=0x000001f4ddf537ec method=java.util.concurrent.ConcurrentHashMap.putVal(Ljava/lang/Object;Ljava/lang/Object;Z)Ljava/lang/Object; @ 113
Event: 3.929 Thread 0x000001f4f041b800 Uncommon trap: reason=unstable_if action=reinterpret pc=0x000001f4dde69464 method=jdk.internal.org.objectweb.asm.Type.getArgumentsAndReturnSizes(Ljava/lang/String;)I @ 47
Event: 8.272 Thread 0x000001f4f0419000 Uncommon trap: reason=unstable_if action=reinterpret pc=0x000001f4ddeedd30 method=java.util.Hashtable$Enumerator.nextElement()Ljava/lang/Object; @ 71
Event: 8.272 Thread 0x000001f4f0419000 Uncommon trap: reason=unstable_if action=reinterpret pc=0x000001f4ddeebdc0 method=java.util.Hashtable$Enumerator.nextElement()Ljava/lang/Object; @ 71
Event: 18.469 Thread 0x000001f4f0419000 Uncommon trap: reason=bimorphic action=maybe_recompile pc=0x000001f4dded012c method=java.util.HashMap.putVal(ILjava/lang/Object;Ljava/lang/Object;ZZ)Ljava/lang/Object; @ 203
Event: 20.026 Thread 0x000001f4f0419000 Uncommon trap: reason=bimorphic action=maybe_recompile pc=0x000001f4dded012c method=java.util.HashMap.putVal(ILjava/lang/Object;Ljava/lang/Object;ZZ)Ljava/lang/Object; @ 203

Classes redefined (0 events):
No events

Internal exceptions (10 events):
Event: 3.743 Thread 0x000001f4f0419000 Exception <a 'java/lang/ClassNotFoundException': org/springframework/beans/factory/AwareCustomizer> (0x00000000eba26aa0) thrown at [C:\jenkins\workspace\8-2-build-windows-amd64-cygwin\jdk8u261\295\hotspot\src\share\vm\classfile\systemDictionary.cpp, line 
Event: 3.747 Thread 0x000001f4f0419000 Exception <a 'java/lang/ClassNotFoundException': org/springframework/beans/factory/BeanClassLoaderAwareCustomizer> (0x00000000ebab1420) thrown at [C:\jenkins\workspace\8-2-build-windows-amd64-cygwin\jdk8u261\295\hotspot\src\share\vm\classfile\systemDictio
Event: 3.748 Thread 0x000001f4f0419000 Exception <a 'java/lang/ClassNotFoundException': org/springframework/beans/factory/AwareCustomizer> (0x00000000ebac54b8) thrown at [C:\jenkins\workspace\8-2-build-windows-amd64-cygwin\jdk8u261\295\hotspot\src\share\vm\classfile\systemDictionary.cpp, line 
Event: 3.750 Thread 0x000001f4f0419000 Exception <a 'java/lang/ClassNotFoundException': org/springframework/context/EnvironmentAwareCustomizer> (0x00000000ebad97f8) thrown at [C:\jenkins\workspace\8-2-build-windows-amd64-cygwin\jdk8u261\295\hotspot\src\share\vm\classfile\systemDictionary.cpp, 
Event: 3.752 Thread 0x000001f4f0419000 Exception <a 'java/lang/ClassNotFoundException': org/springframework/beans/factory/AwareCustomizer> (0x00000000ebaed770) thrown at [C:\jenkins\workspace\8-2-build-windows-amd64-cygwin\jdk8u261\295\hotspot\src\share\vm\classfile\systemDictionary.cpp, line 
Event: 3.949 Thread 0x000001f4f041b800 Exception <a 'java/lang/IncompatibleClassChangeError': Found class java.lang.Object, but interface was expected> (0x00000000ebc02610) thrown at [C:\jenkins\workspace\8-2-build-windows-amd64-cygwin\jdk8u261\295\hotspot\src\share\vm\interpreter\linkResolver
Event: 7.394 Thread 0x000001f4f0419000 Exception <a 'java/lang/NoSuchMethodError': java.lang.Object.lambda$or$2(Ljava/util/function/Predicate;Ljava/lang/Object;)Z> (0x00000000ec228cc0) thrown at [C:\jenkins\workspace\8-2-build-windows-amd64-cygwin\jdk8u261\295\hotspot\src\share\vm\interpreter\
Event: 14.339 Thread 0x000001f4f0419000 Exception <a 'java/lang/IncompatibleClassChangeError': Found class java.lang.Object, but interface was expected> (0x00000000ef094410) thrown at [C:\jenkins\workspace\8-2-build-windows-amd64-cygwin\jdk8u261\295\hotspot\src\share\vm\interpreter\linkResolver
Event: 16.865 Thread 0x000001f4f0419000 Exception <a 'java/lang/NoSuchMethodError': java.lang.Object.lambda$getAllAnnotationAttributes$0(Lorg/springframework/util/MultiValueMap;)Lorg/springframework/util/MultiValueMap;> (0x00000000eb57ac00) thrown at [C:\jenkins\workspace\8-2-build-windows-amd6
Event: 16.867 Thread 0x000001f4f0419000 Exception <a 'java/lang/NoSuchMethodError': java.lang.Object.lambda$identity$2(Ljava/lang/Object;)Ljava/lang/Object;> (0x00000000eb590490) thrown at [C:\jenkins\workspace\8-2-build-windows-amd64-cygwin\jdk8u261\295\hotspot\src\share\vm\interpreter\linkRes

Events (10 events):
Event: 20.021 loading class org/thymeleaf/spring5/SpringTemplateEngine done
Event: 20.022 loading class org/thymeleaf/spring5$SpringTemplateEngine
Event: 20.022 loading class org/thymeleaf/spring5$SpringTemplateEngine done
Event: 20.023 loading class org/apache/jasper/compiler/JspConfig
Event: 20.023 loading class org/apache/jasper/compiler/JspConfig done
Event: 20.024 loading class org/apache/jasper/compiler$JspConfig
Event: 20.024 loading class org/apache/jasper/compiler$JspConfig done
Event: 20.026 Thread 0x000001f4f0419000 Uncommon trap: trap_request=0xffffffc6 fr.pc=0x000001f4dded012c
Event: 20.026 Thread 0x000001f4f0419000 DEOPT PACKING pc=0x000001f4dded012c sp=0x0000001fa58fd830
Event: 20.026 Thread 0x000001f4f0419000 DEOPT UNPACKING pc=0x000001f4ddb35843 sp=0x0000001fa58fd7a8 mode 2


Dynamic libraries:
0x00007ff673130000 - 0x00007ff673177000 	C:\Program Files\Java\jdk1.8.0_261\bin\javaw.exe
0x00007ffdb1870000 - 0x00007ffdb1a65000 	C:\WINDOWS\SYSTEM32\ntdll.dll
0x00007ffdafb80000 - 0x00007ffdafc3d000 	C:\WINDOWS\System32\KERNEL32.DLL
0x00007ffdaf0e0000 - 0x00007ffdaf3a7000 	C:\WINDOWS\System32\KERNELBASE.dll
0x00007ffdaff80000 - 0x00007ffdb002a000 	C:\WINDOWS\System32\ADVAPI32.dll
0x00007ffdb16b0000 - 0x00007ffdb174e000 	C:\WINDOWS\System32\msvcrt.dll
0x00007ffdb0ae0000 - 0x00007ffdb0b7b000 	C:\WINDOWS\System32\sechost.dll
0x00007ffdafc40000 - 0x00007ffdafd63000 	C:\WINDOWS\System32\RPCRT4.dll
0x00007ffdaf970000 - 0x00007ffdafb10000 	C:\WINDOWS\System32\USER32.dll
0x00007ffdaf800000 - 0x00007ffdaf822000 	C:\WINDOWS\System32\win32u.dll
0x00007ffdaf940000 - 0x00007ffdaf96a000 	C:\WINDOWS\System32\GDI32.dll
0x00007ffdaf430000 - 0x00007ffdaf53a000 	C:\WINDOWS\System32\gdi32full.dll
0x00007ffdaefc0000 - 0x00007ffdaf05d000 	C:\WINDOWS\System32\msvcp_win.dll
0x00007ffdaf540000 - 0x00007ffdaf640000 	C:\WINDOWS\System32\ucrtbase.dll
0x00007ffd9d1f0000 - 0x00007ffd9d48a000 	C:\WINDOWS\WinSxS\amd64_microsoft.windows.common-controls_6595b64144ccf1df_6.0.19041.1_none_b555e41d4684ddec\COMCTL32.dll
0x00007ffdb12c0000 - 0x00007ffdb12f0000 	C:\WINDOWS\System32\IMM32.DLL
0x00007ffda9b50000 - 0x00007ffda9b65000 	C:\Program Files\Java\jdk1.8.0_261\jre\bin\vcruntime140.dll
0x00007ffd96070000 - 0x00007ffd9610b000 	C:\Program Files\Java\jdk1.8.0_261\jre\bin\msvcp140.dll
0x0000000077530000 - 0x0000000077d9c000 	C:\Program Files\Java\jdk1.8.0_261\jre\bin\server\jvm.dll
0x00007ffdafb10000 - 0x00007ffdafb18000 	C:\WINDOWS\System32\PSAPI.DLL
0x00007ffdad230000 - 0x00007ffdad239000 	C:\WINDOWS\SYSTEM32\WSOCK32.dll
0x00007ffdb00e0000 - 0x00007ffdb014b000 	C:\WINDOWS\System32\WS2_32.dll
0x00007ffda14a0000 - 0x00007ffda14c7000 	C:\WINDOWS\SYSTEM32\WINMM.dll
0x00007ffda0610000 - 0x00007ffda061a000 	C:\WINDOWS\SYSTEM32\VERSION.dll
0x00007ffdad910000 - 0x00007ffdad923000 	C:\WINDOWS\SYSTEM32\kernel.appcore.dll
0x00007ffda96f0000 - 0x00007ffda9700000 	C:\Program Files\Java\jdk1.8.0_261\jre\bin\verify.dll
0x00007ffda9050000 - 0x00007ffda907b000 	C:\Program Files\Java\jdk1.8.0_261\jre\bin\java.dll
0x00007ffd986e0000 - 0x00007ffd986f8000 	C:\Program Files\Java\jdk1.8.0_261\jre\bin\zip.dll
0x00007ffdb0b80000 - 0x00007ffdb12c0000 	C:\WINDOWS\System32\SHELL32.dll
0x00007ffda7880000 - 0x00007ffda8011000 	C:\WINDOWS\SYSTEM32\windows.storage.dll
0x00007ffdb0310000 - 0x00007ffdb0663000 	C:\WINDOWS\System32\combase.dll
0x00007ffdae970000 - 0x00007ffdae99c000 	C:\WINDOWS\SYSTEM32\Wldp.dll
0x00007ffdb0030000 - 0x00007ffdb00de000 	C:\WINDOWS\System32\SHCORE.dll
0x00007ffdafb20000 - 0x00007ffdafb75000 	C:\WINDOWS\System32\shlwapi.dll
0x00007ffdaef00000 - 0x00007ffdaef1f000 	C:\WINDOWS\SYSTEM32\profapi.dll
0x00007ffda96b0000 - 0x00007ffda96bd000 	C:\Program Files\Java\jdk1.8.0_261\jre\bin\management.dll
0x00007ffda9680000 - 0x00007ffda969c000 	C:\Program Files\Java\jdk1.8.0_261\jre\bin\net.dll
0x00007ffdae760000 - 0x00007ffdae7ca000 	C:\WINDOWS\system32\mswsock.dll
0x00007ffda05a0000 - 0x00007ffda05b7000 	C:\WINDOWS\system32\napinsp.dll
0x00007ffd9f0d0000 - 0x00007ffd9f0eb000 	C:\WINDOWS\system32\pnrpnsp.dll
0x00007ffdab3d0000 - 0x00007ffdab3ed000 	C:\WINDOWS\system32\NLAapi.dll
0x00007ffdae420000 - 0x00007ffdae45b000 	C:\WINDOWS\SYSTEM32\IPHLPAPI.DLL
0x00007ffdae460000 - 0x00007ffdae52a000 	C:\WINDOWS\SYSTEM32\DNSAPI.dll
0x00007ffdb14f0000 - 0x00007ffdb14f9000 	C:\WINDOWS\System32\NSI.dll
0x00007ffda89b0000 - 0x00007ffda89c5000 	C:\WINDOWS\system32\wshbth.dll
0x00007ffd9f0b0000 - 0x00007ffd9f0c2000 	C:\WINDOWS\System32\winrnr.dll
0x00007ffd9fa50000 - 0x00007ffd9fa5a000 	C:\Windows\System32\rasadhlp.dll
0x00007ffda16e0000 - 0x00007ffda175f000 	C:\WINDOWS\System32\fwpuclnt.dll
0x00007ffdaf400000 - 0x00007ffdaf427000 	C:\WINDOWS\System32\bcrypt.dll
0x00007ffd9d0e0000 - 0x00007ffd9d0f3000 	C:\Program Files\Java\jdk1.8.0_261\jre\bin\nio.dll
0x00007ffd9e6a0000 - 0x00007ffd9e884000 	C:\WINDOWS\SYSTEM32\dbghelp.dll
0x00007ffdaf060000 - 0x00007ffdaf0df000 	C:\WINDOWS\System32\bcryptPrimitives.dll

VM Arguments:
jvm_args: -Dfile.encoding=UTF-8 
java_command: org.sid.cinema.CinemaApplication
java_class_path (initial): C:\Users\Youssef\eclipse-workspace\cinema\target\classes;C:\Users\Youssef\.m2\repository\org\springframework\boot\spring-boot-starter-data-jpa\2.4.5\spring-boot-starter-data-jpa-2.4.5.jar;C:\Users\Youssef\.m2\repository\org\springframework\boot\spring-boot-starter-aop\2.4.5\spring-boot-starter-aop-2.4.5.jar;C:\Users\Youssef\.m2\repository\org\springframework\spring-aop\5.3.6\spring-aop-5.3.6.jar;C:\Users\Youssef\.m2\repository\org\aspectj\aspectjweaver\1.9.6\aspectjweaver-1.9.6.jar;C:\Users\Youssef\.m2\repository\org\springframework\boot\spring-boot-starter-jdbc\2.4.5\spring-boot-starter-jdbc-2.4.5.jar;C:\Users\Youssef\.m2\repository\com\zaxxer\HikariCP\3.4.5\HikariCP-3.4.5.jar;C:\Users\Youssef\.m2\repository\org\springframework\spring-jdbc\5.3.6\spring-jdbc-5.3.6.jar;C:\Users\Youssef\.m2\repository\jakarta\transaction\jakarta.transaction-api\1.3.3\jakarta.transaction-api-1.3.3.jar;C:\Users\Youssef\.m2\repository\jakarta\persistence\jakarta.persistence-api\2.2.3\jakarta.persistence-api-2.2.3.jar;C:\Users\Youssef\.m2\repository\org\hibernate\hibernate-core\5.4.30.Final\hibernate-core-5.4.30.Final.jar;C:\Users\Youssef\.m2\repository\org\jboss\logging\jboss-logging\3.4.1.Final\jboss-logging-3.4.1.Final.jar;C:\Users\Youssef\.m2\repository\org\javassist\javassist\3.27.0-GA\javassist-3.27.0-GA.jar;C:\Users\Youssef\.m2\repository\net\bytebuddy\byte-buddy\1.10.22\byte-buddy-1.10.22.jar;C:\Users\Youssef\.m2\repository\antlr\antlr\2.7.7\antlr-2.7.7.jar;C:\Users\Youssef\.m2\repository\org\jboss\jandex\2.2.3.Final\jandex-2.2.3.Final.jar;C:\Users\Youssef\.m2\repository\com\fasterxml\classmate\1.5.1\classmate-1.5.1.jar;C:\Users\Youssef\.m2\repository\org\dom4j\dom4j\2.1.3\dom4j-2.1.3.jar;C:\Users\Youssef\.m2\repository\org\hibernate\common\hibernate-commons-annotations\5.1.2.Final\hibernate-commons-annotations-5.1.2.Final.jar;C:\Users\Youssef\.m2\repository\org\glassfish\jaxb\jaxb-runtime\2.3.4\jaxb-runtime-2.3.4.jar;C:\Users\Youssef\.m2\repository\or
Launcher Type: SUN_STANDARD

Environment Variables:
PATH=C:/Program Files/Java/jdk-14.0.2/bin/server;C:/Program Files/Java/jdk-14.0.2/bin;C:\Program Files (x86)\VMware\VMware Player\bin\;C:\app\Youssef\product\11.2.0\dbhome_1\bin;C:\Program Files (x86)\Common Files\Oracle\Java\javapath;C:\WINDOWS\system32;C:\WINDOWS;C:\WINDOWS\System32\Wbem;C:\WINDOWS\System32\WindowsPowerShell\v1.0\;C:\WINDOWS\System32\OpenSSH\;C:\Program Files\Git\cmd;C:\Program Files\dotnet\;C:\Program Files\Microsoft SQL Server\130\Tools\Binn\;C:\Program Files\Microsoft SQL Server\Client SDK\ODBC\170\Tools\Binn\;C:\Program Files\PuTTY\;C:\Program Files (x86)\Microsoft SQL Server\150\DTS\Binn\;C:\Program Files (x86)\Microsoft SQL Server\150\Tools\Binn\;C:\Program Files\Microsoft SQL Server\150\Tools\Binn\;C:\Program Files\Microsoft SQL Server\150\DTS\Binn\;C:\wamp64\bin\php\php5.6.40;C:\ProgramData\ComposerSetup\bin;C:\Program Files\nodejs\;C:\Users\Youssef\AppData\Local\Programs\Python\Python38-32\Scripts\;C:\Users\Youssef\AppData\Local\Programs\Python\Python38-32\;C:\Users\Youssef\AppData\Local\Microsoft\WindowsApps;C:\Users\Youssef\.dotnet\tools;C:\Program Files\mingw-w64\x86_64-8.1.0-win32-seh-rt_v6-rev0\mingw64\bin;C:\Users\Youssef\AppData\Local\Programs\Microsoft VS Code\bin;C:\Users\Youssef\AppData\Roaming\Composer\vendor\bin;C:\xampp\php;C:\Users\Youssef\AppData\Roaming\npm;C:\WINDOWS\system32;
USERNAME=Youssef
OS=Windows_NT
PROCESSOR_IDENTIFIER=Intel64 Family 6 Model 69 Stepping 1, GenuineIntel



---------------  S Y S T E M  ---------------

OS: Windows 10.0 , 64 bit Build 19041 (10.0.19041.292)

CPU:total 4 (initial active 4) (2 cores per cpu, 2 threads per core) family 6 model 69 stepping 1, cmov, cx8, fxsr, mmx, sse, sse2, sse3, ssse3, sse4.1, sse4.2, popcnt, avx, avx2, aes, clmul, erms, lzcnt, ht, tsc, tscinvbit, bmi1, bmi2

Memory: 4k page, physical 4088172k(368196k free), swap 16671084k(162772k free)

vm_info: Java HotSpot(TM) 64-Bit Server VM (25.261-b12) for windows-amd64 JRE (1.8.0_261-b12), built on Jun 18 2020 06:56:32 by "" with unknown MS VC++:1916

time: Fri Jul  9 11:20:01 2021
timezone: Morocco Daylight Time
elapsed time: 21 seconds (0d 0h 0m 21s)

